<?xml version="1.0" encoding="UTF-8"?>
<testsuite xmlns:xsi="http://www.w3.org/2001/XMLSchema-instance" xsi:noNamespaceSchemaLocation="https://maven.apache.org/surefire/maven-surefire-plugin/xsd/surefire-test-report-3.0.xsd" version="3.0" name="Services.RecommendationFileWriterServiceTest" time="0.767" tests="6" errors="0" skipped="0" failures="0">
  <properties>
[...]
</properties>
  <testcase name="RecommendationFileWriterService_OneUser_SuccessfulWrite" classname="Services.RecommendationFileWriterServiceTest" time="0.679">
    <system-out><![CDATA[Successfully wrote to the file.
]]></system-out>
  </testcase>
  <testcase name="RecommendationFileWriterService_NoRecommendations_Exception" classname="Services.RecommendationFileWriterServiceTest" time="0.027"/>
  <testcase name="RecommendationFileWriterService_NoFilenameSpecified_IOException" classname="Services.RecommendationFileWriterServiceTest" time="0.006"/>
  <testcase name="RecommendationFileWriterService_MultiUser_SuccessfulWrite" classname="Services.RecommendationFileWriterServiceTest" time="0.004">
    <system-out><![CDATA[Successfully wrote to the file.
]]></system-out>
  </testcase>
  <testcase name="RecommendationFileWriterService_OneUserMultiRecommendations_SuccessfulWrite" classname="Services.RecommendationFileWriterServiceTest" time="0.006">
    <system-out><![CDATA[Successfully wrote to the file.
]]></system-out>
  </testcase>
  <testcase name="RecommendationFileWriterService_NoFilenameSpecified_Exception" classname="Services.RecommendationFileWriterServiceTest" time="0.005"/>
</testsuite>